<?xml version="1.0" encoding="UTF-8"?>
<!-- Generated by org.testng.reporters.JUnitXMLReporter -->
<testsuite ignored="0" hostname="Rawat-PC" failures="0" tests="2" name="master" time="12.894" errors="0" timestamp="2024-06-27T13:33:56 IST">
  <testcase classname="com.opencart.qa.testcases.Test_Case_1_Register_User" name="verifyRegisterUser" time="1.365"/>
  <testcase classname="com.opencart.qa.testcases.Test_Case_2_Login_User_with_correct_email_and_password" name="LoginUserWithCorrectEmailAndPassword" time="3.689"/>
</testsuite> <!-- master -->
